TN:
SF:source/index.js
FNF:0
FNH:0
DA:1,1
DA:2,1
DA:3,1
DA:4,1
DA:5,1
LF:5
LH:5
BRDA:5,0,0,15
BRF:1
BRH:1
end_of_record
TN:
SF:source/library/process.js
FN:11,wait
FN:17,when
FN:21,waitLoop
FN:84,existsPidFile
FN:102,createPidFile
FN:128,_attach
FN:134,on._onEvent.exit
FN:155,on._onEvent.<computed>
FN:204,deletePidFile
FN:225,_detach
FN:249,signalPidFile
FN:259,killPidFile
FNF:12
FNH:12
FNDA:1,wait
FNDA:7,when
FNDA:24,waitLoop
FNDA:42,existsPidFile
FNDA:16,createPidFile
FNDA:14,_attach
FNDA:2,on._onEvent.exit
FNDA:3,on._onEvent.<computed>
FNDA:15,deletePidFile
FNDA:14,_detach
FNDA:5,signalPidFile
FNDA:5,killPidFile
DA:1,1
DA:2,1
DA:3,1
DA:4,1
DA:5,1
DA:6,1
DA:7,1
DA:8,1
DA:9,1
DA:10,1
DA:11,1
DA:12,1
DA:13,1
DA:14,1
DA:15,1
DA:16,1
DA:17,1
DA:18,7
DA:19,7
DA:20,7
DA:21,7
DA:22,24
DA:23,24
DA:24,24
DA:25,24
DA:26,24
DA:27,24
DA:28,24
DA:29,24
DA:30,24
DA:31,8
DA:32,8
DA:33,8
DA:34,6
DA:35,6
DA:36,2
DA:37,2
DA:38,1
DA:39,1
DA:40,1
DA:41,1
DA:42,6
DA:43,6
DA:44,8
DA:45,5
DA:46,5
DA:47,1
DA:48,1
DA:49,1
DA:50,1
DA:51,5
DA:52,5
DA:53,8
DA:54,8
DA:55,8
DA:56,8
DA:57,3
DA:58,3
DA:59,1
DA:60,2
DA:61,2
DA:62,2
DA:63,8
DA:64,8
DA:65,24
DA:66,24
DA:67,5
DA:68,5
DA:69,1
DA:70,1
DA:71,1
DA:72,1
DA:73,5
DA:74,5
DA:75,24
DA:76,24
DA:77,7
DA:78,7
DA:79,7
DA:80,7
DA:81,7
DA:82,7
DA:83,1
DA:84,1
DA:85,42
DA:86,42
DA:87,18
DA:88,18
DA:89,18
DA:90,18
DA:91,18
DA:92,18
DA:93,18
DA:94,18
DA:95,18
DA:96,18
DA:97,18
DA:98,18
DA:99,42
DA:100,42
DA:101,1
DA:102,1
DA:103,16
DA:104,16
DA:105,15
DA:106,15
DA:107,14
DA:108,14
DA:109,14
DA:110,14
DA:111,14
DA:112,14
DA:113,14
DA:114,14
DA:115,14
DA:116,14
DA:117,14
DA:118,14
DA:119,14
DA:120,0
DA:121,0
DA:122,0
DA:123,14
DA:124,14
DA:125,16
DA:126,16
DA:127,1
DA:128,1
DA:129,14
DA:130,14
DA:131,14
DA:132,14
DA:133,12
DA:134,12
DA:135,2
DA:136,2
DA:137,2
DA:138,2
DA:139,1
DA:140,1
DA:141,1
DA:142,1
DA:143,2
DA:144,2
DA:145,12
DA:146,12
DA:147,14
DA:148,14
DA:149,12
DA:150,12
DA:151,0
DA:152,12
DA:153,12
DA:154,12
DA:155,22
DA:156,3
DA:157,3
DA:158,3
DA:159,3
DA:160,3
DA:161,3
DA:162,3
DA:163,3
DA:164,3
DA:165,1
DA:166,1
DA:167,1
DA:168,1
DA:169,1
DA:170,1
DA:171,3
DA:172,1
DA:173,1
DA:174,1
DA:175,1
DA:176,3
DA:177,3
DA:178,22
DA:179,12
DA:180,12
DA:181,12
DA:182,12
DA:183,14
DA:184,14
DA:185,0
DA:186,0
DA:187,0
DA:188,14
DA:189,14
DA:190,1
DA:191,1
DA:192,1
DA:193,1
DA:194,1
DA:195,1
DA:196,1
DA:197,1
DA:198,1
DA:199,1
DA:200,1
DA:201,1
DA:202,1
DA:203,1
DA:204,1
DA:205,15
DA:206,15
DA:207,15
DA:208,15
DA:209,15
DA:210,1
DA:211,1
DA:212,1
DA:213,1
DA:214,1
DA:215,1
DA:216,1
DA:217,1
DA:218,1
DA:219,1
DA:220,1
DA:221,1
DA:222,15
DA:223,15
DA:224,1
DA:225,1
DA:226,14
DA:227,14
DA:228,12
DA:229,12
DA:230,22
DA:231,22
DA:232,22
DA:233,22
DA:234,22
DA:235,12
DA:236,12
DA:237,14
DA:238,14
DA:239,12
DA:240,12
DA:241,12
DA:242,12
DA:243,12
DA:244,12
DA:245,12
DA:246,14
DA:247,14
DA:248,1
DA:249,1
DA:250,5
DA:251,5
DA:252,2
DA:253,2
DA:254,2
DA:255,2
DA:256,5
DA:257,5
DA:258,1
DA:259,1
DA:260,5
DA:261,5
DA:262,1
DA:263,1
DA:264,1
DA:265,1
DA:266,1
DA:267,1
DA:268,1
LF:268
LH:261
BRDA:268,0,0,15
BRDA:11,1,0,1
BRDA:12,2,0,1
BRDA:17,3,0,7
BRDA:19,4,0,7
BRDA:21,5,0,24
BRDA:30,6,0,11
BRDA:30,7,0,8
BRDA:56,8,0,6
BRDA:56,9,0,7
BRDA:56,10,0,5
BRDA:56,11,0,3
BRDA:58,12,0,1
BRDA:58,13,0,2
BRDA:58,14,0,1
BRDA:66,15,0,5
BRDA:68,16,0,4
BRDA:68,17,0,1
BRDA:33,18,0,6
BRDA:35,19,0,5
BRDA:35,20,0,4
BRDA:35,21,0,2
BRDA:37,22,0,1
BRDA:37,23,0,1
BRDA:36,24,0,4
BRDA:44,25,0,5
BRDA:46,26,0,4
BRDA:46,27,0,1
BRDA:47,28,0,4
BRDA:57,29,0,5
BRDA:69,30,0,4
BRDA:84,31,0,42
BRDA:86,32,0,24
BRDA:91,33,0,3
BRDA:86,34,0,18
BRDA:102,35,0,16
BRDA:102,36,0,0
BRDA:102,37,0,12
BRDA:104,38,0,1
BRDA:104,39,0,15
BRDA:106,40,0,1
BRDA:106,41,0,14
BRDA:119,42,0,0
BRDA:128,43,0,14
BRDA:132,44,0,12
BRDA:148,45,0,12
BRDA:150,46,0,0
BRDA:184,47,0,0
BRDA:134,48,0,2
BRDA:140,49,0,1
BRDA:154,50,0,22
BRDA:155,51,0,3
BRDA:166,52,0,1
BRDA:173,53,0,1
BRDA:204,54,0,15
BRDA:209,55,0,14
BRDA:209,56,0,1
BRDA:225,57,0,14
BRDA:227,58,0,12
BRDA:238,59,0,12
BRDA:229,60,0,22
BRDA:249,61,0,5
BRDA:251,62,0,3
BRDA:251,63,0,2
BRDA:259,64,0,5
BRF:65
BRH:61
end_of_record
TN:
SF:source/library/error/duration-exceeded-process-error.js
FN:5,DurationExceededProcessError
FNF:1
FNH:1
FNDA:2,DurationExceededProcessError
DA:1,1
DA:2,1
DA:3,1
DA:4,1
DA:5,1
DA:6,2
DA:7,2
DA:8,1
DA:9,1
DA:10,1
DA:11,1
LF:11
LH:11
BRDA:11,0,0,15
BRDA:5,1,0,2
BRF:2
BRH:2
end_of_record
TN:
SF:source/library/error/option-not-supported-process-error.js
FN:5,OptionNotSupportedProcessError
FNF:1
FNH:0
FNDA:0,OptionNotSupportedProcessError
DA:1,1
DA:2,1
DA:3,1
DA:4,1
DA:5,1
DA:6,0
DA:7,0
DA:8,1
DA:9,1
DA:10,1
DA:11,1
LF:11
LH:9
BRDA:11,0,0,15
BRF:1
BRH:1
end_of_record
TN:
SF:source/library/error/pid-file-exists-process-error.js
FN:7,PidFileExistsProcessError
FNF:1
FNH:1
FNDA:2,PidFileExistsProcessError
DA:1,1
DA:2,1
DA:3,1
DA:4,1
DA:5,1
DA:6,1
DA:7,1
DA:8,2
DA:9,2
DA:10,1
DA:11,1
DA:12,1
DA:13,1
LF:13
LH:13
BRDA:13,0,0,15
BRDA:7,1,0,2
BRF:2
BRH:2
end_of_record
TN:
SF:source/library/error/pid-file-not-exists-process-error.js
FN:7,PidFileNotExistsProcessError
FNF:1
FNH:1
FNDA:3,PidFileNotExistsProcessError
DA:1,1
DA:2,1
DA:3,1
DA:4,1
DA:5,1
DA:6,1
DA:7,1
DA:8,3
DA:9,3
DA:10,1
DA:11,1
DA:12,1
DA:13,1
LF:13
LH:13
BRDA:13,0,0,15
BRDA:7,1,0,3
BRDA:8,2,0,2
BRDA:8,3,0,1
BRF:4
BRH:4
end_of_record
TN:
SF:source/library/error/process-error.js
FN:3,ProcessError
FNF:1
FNH:1
FNDA:7,ProcessError
DA:1,1
DA:2,1
DA:3,1
DA:4,7
DA:5,7
DA:6,1
DA:7,1
DA:8,1
DA:9,1
LF:9
LH:9
BRDA:9,0,0,15
BRDA:3,1,0,7
BRF:2
BRH:2
end_of_record
