TN:
SF:source/index.js
FNF:0
FNH:0
DA:1,1
DA:2,1
DA:3,1
DA:4,1
LF:4
LH:4
BRDA:4,0,0,15
BRF:1
BRH:1
end_of_record
TN:
SF:source/library/process.js
FN:11,wait
FN:17,when
FN:21,waitLoop
FN:84,existsPidFile
FN:103,createPidFile
FN:133,_attach
FN:139,Process.on.Process.__onExit
FN:160,Process.on.Process.<computed>
FN:185,_exit
FN:198,deletePidFile
FN:220,_detach
FN:244,signalPidFile
FN:254,killPidFile
FNF:13
FNH:13
FNDA:1,wait
FNDA:7,when
FNDA:24,waitLoop
FNDA:42,existsPidFile
FNDA:16,createPidFile
FNDA:14,_attach
FNDA:2,Process.on.Process.__onExit
FNDA:3,Process.on.Process.<computed>
FNDA:3,_exit
FNDA:15,deletePidFile
FNDA:14,_detach
FNDA:5,signalPidFile
FNDA:5,killPidFile
DA:1,1
DA:2,1
DA:3,1
DA:4,1
DA:5,1
DA:6,1
DA:7,1
DA:8,1
DA:9,1
DA:10,1
DA:11,1
DA:12,1
DA:13,1
DA:14,1
DA:15,1
DA:16,1
DA:17,1
DA:18,7
DA:19,7
DA:20,7
DA:21,7
DA:22,24
DA:23,24
DA:24,24
DA:25,24
DA:26,24
DA:27,24
DA:28,24
DA:29,24
DA:30,24
DA:31,8
DA:32,8
DA:33,8
DA:34,6
DA:35,6
DA:36,2
DA:37,2
DA:38,1
DA:39,1
DA:40,1
DA:41,1
DA:42,6
DA:43,6
DA:44,8
DA:45,5
DA:46,5
DA:47,1
DA:48,1
DA:49,1
DA:50,1
DA:51,5
DA:52,5
DA:53,8
DA:54,8
DA:55,8
DA:56,8
DA:57,3
DA:58,3
DA:59,1
DA:60,2
DA:61,2
DA:62,2
DA:63,8
DA:64,8
DA:65,24
DA:66,24
DA:67,5
DA:68,5
DA:69,1
DA:70,1
DA:71,1
DA:72,1
DA:73,5
DA:74,5
DA:75,24
DA:76,24
DA:77,7
DA:78,7
DA:79,7
DA:80,7
DA:81,7
DA:82,7
DA:83,1
DA:84,1
DA:85,42
DA:86,42
DA:87,42
DA:88,42
DA:89,18
DA:90,18
DA:91,24
DA:92,42
DA:93,42
DA:94,42
DA:95,3
DA:96,3
DA:97,3
DA:98,21
DA:99,21
DA:100,21
DA:101,21
DA:102,1
DA:103,1
DA:104,16
DA:105,16
DA:106,15
DA:107,15
DA:108,14
DA:109,14
DA:110,14
DA:111,14
DA:112,14
DA:113,14
DA:114,14
DA:115,14
DA:116,14
DA:117,14
DA:118,14
DA:119,14
DA:120,14
DA:121,0
DA:122,0
DA:123,0
DA:124,0
DA:125,0
DA:126,0
DA:127,0
DA:128,14
DA:129,14
DA:130,16
DA:131,16
DA:132,1
DA:133,1
DA:134,14
DA:135,14
DA:136,14
DA:137,14
DA:138,12
DA:139,12
DA:140,2
DA:141,2
DA:142,2
DA:143,2
DA:144,1
DA:145,1
DA:146,1
DA:147,1
DA:148,2
DA:149,2
DA:150,12
DA:151,12
DA:152,14
DA:153,14
DA:154,12
DA:155,12
DA:156,0
DA:157,12
DA:158,12
DA:159,12
DA:160,22
DA:161,3
DA:162,3
DA:163,3
DA:164,3
DA:165,3
DA:166,1
DA:167,1
DA:168,1
DA:169,1
DA:170,3
DA:171,3
DA:172,22
DA:173,12
DA:174,12
DA:175,12
DA:176,12
DA:177,14
DA:178,14
DA:179,0
DA:180,0
DA:181,0
DA:182,14
DA:183,14
DA:184,1
DA:185,1
DA:186,3
DA:187,3
DA:188,3
DA:189,1
DA:190,1
DA:191,1
DA:192,1
DA:193,1
DA:194,1
DA:195,3
DA:196,3
DA:197,1
DA:198,1
DA:199,15
DA:200,15
DA:201,15
DA:202,15
DA:203,15
DA:204,1
DA:205,1
DA:206,1
DA:207,1
DA:208,1
DA:209,1
DA:210,1
DA:211,1
DA:212,1
DA:213,1
DA:214,1
DA:215,1
DA:216,1
DA:217,15
DA:218,15
DA:219,1
DA:220,1
DA:221,14
DA:222,14
DA:223,12
DA:224,12
DA:225,22
DA:226,22
DA:227,22
DA:228,22
DA:229,22
DA:230,12
DA:231,12
DA:232,14
DA:233,14
DA:234,12
DA:235,12
DA:236,12
DA:237,12
DA:238,12
DA:239,12
DA:240,12
DA:241,14
DA:242,14
DA:243,1
DA:244,1
DA:245,5
DA:246,5
DA:247,2
DA:248,2
DA:249,2
DA:250,2
DA:251,5
DA:252,5
DA:253,1
DA:254,1
DA:255,5
DA:256,5
DA:257,1
DA:258,1
DA:259,1
DA:260,1
DA:261,1
DA:262,1
LF:262
LH:251
BRDA:262,0,0,15
BRDA:11,1,0,1
BRDA:12,2,0,1
BRDA:17,3,0,7
BRDA:19,4,0,7
BRDA:21,5,0,24
BRDA:30,6,0,11
BRDA:30,7,0,8
BRDA:56,8,0,6
BRDA:56,9,0,7
BRDA:56,10,0,5
BRDA:56,11,0,3
BRDA:58,12,0,1
BRDA:58,13,0,2
BRDA:58,14,0,1
BRDA:66,15,0,5
BRDA:68,16,0,4
BRDA:68,17,0,1
BRDA:33,18,0,6
BRDA:35,19,0,5
BRDA:35,20,0,4
BRDA:35,21,0,2
BRDA:37,22,0,1
BRDA:37,23,0,1
BRDA:36,24,0,4
BRDA:44,25,0,5
BRDA:46,26,0,4
BRDA:46,27,0,1
BRDA:47,28,0,4
BRDA:57,29,0,5
BRDA:69,30,0,4
BRDA:84,31,0,42
BRDA:88,32,0,32
BRDA:88,33,0,18
BRDA:90,34,0,24
BRDA:94,35,0,40
BRDA:94,36,0,3
BRDA:97,37,0,21
BRDA:103,38,0,16
BRDA:103,39,0,0
BRDA:103,40,0,12
BRDA:105,41,0,1
BRDA:105,42,0,15
BRDA:107,43,0,1
BRDA:107,44,0,14
BRDA:120,45,0,0
BRDA:133,46,0,14
BRDA:137,47,0,12
BRDA:153,48,0,12
BRDA:155,49,0,0
BRDA:178,50,0,0
BRDA:139,51,0,2
BRDA:145,52,0,1
BRDA:159,53,0,22
BRDA:160,54,0,3
BRDA:167,55,0,1
BRDA:185,56,0,3
BRDA:190,57,0,1
BRDA:198,58,0,15
BRDA:203,59,0,14
BRDA:203,60,0,1
BRDA:215,61,0,0
BRDA:220,62,0,14
BRDA:222,63,0,12
BRDA:233,64,0,12
BRDA:224,65,0,22
BRDA:244,66,0,5
BRDA:246,67,0,3
BRDA:246,68,0,2
BRDA:254,69,0,5
BRF:70
BRH:65
end_of_record
TN:
SF:source/library/error/process-argument-error.js
FN:5,ProcessArgumentError
FNF:1
FNH:1
FNDA:5,ProcessArgumentError
DA:1,1
DA:2,1
DA:3,1
DA:4,1
DA:5,1
DA:6,5
DA:7,5
DA:8,1
DA:9,1
DA:10,1
DA:11,1
LF:11
LH:11
BRDA:11,0,0,15
BRDA:5,1,0,5
BRF:2
BRH:2
end_of_record
TN:
SF:source/library/error/process-duration-exceeded-error.js
FN:5,ProcessDurationExceededError
FNF:1
FNH:1
FNDA:2,ProcessDurationExceededError
DA:1,1
DA:2,1
DA:3,1
DA:4,1
DA:5,1
DA:6,2
DA:7,2
DA:8,1
DA:9,1
DA:10,1
DA:11,1
LF:11
LH:11
BRDA:11,0,0,15
BRDA:5,1,0,2
BRF:2
BRH:2
end_of_record
TN:
SF:source/library/error/process-error.js
FN:3,ProcessError
FNF:1
FNH:1
FNDA:7,ProcessError
DA:1,1
DA:2,1
DA:3,1
DA:4,7
DA:5,7
DA:6,1
DA:7,1
DA:8,1
DA:9,1
LF:9
LH:9
BRDA:9,0,0,15
BRDA:3,1,0,7
BRF:2
BRH:2
end_of_record
TN:
SF:source/library/error/process-option-not-supported-error.js
FN:5,ProcessOptionNotSupportedError
FNF:1
FNH:0
FNDA:0,ProcessOptionNotSupportedError
DA:1,1
DA:2,1
DA:3,1
DA:4,1
DA:5,1
DA:6,0
DA:7,0
DA:8,1
DA:9,1
DA:10,1
DA:11,1
LF:11
LH:9
BRDA:11,0,0,15
BRF:1
BRH:1
end_of_record
